<?xml version="1.0" encoding="UTF-8"?>
<!-- Generated by org.testng.reporters.JUnitReportReporter -->
<testsuite skipped="0" hostname="Lenovo" name="seleinumdemo1.LogIn" tests="1" failures="0" timestamp="04 Sep 2018 17:55:58 GMT" time="5.099" errors="0">
  <testcase name="registration" time="5.099" classname="seleinumdemo1.LogIn"/>
</testsuite> <!-- seleinumdemo1.LogIn -->
